2025-03-05 22:26:47,787 [ERROR] threads: Login failed: Message: 
Stacktrace:
	GetHandleVerifier [0x00007FF729E3C6A5+28789]
	(No symbol) [0x00007FF729DA5B20]
	(No symbol) [0x00007FF729C38F9A]
	(No symbol) [0x00007FF729C8F346]
	(No symbol) [0x00007FF729C8F57C]
	(No symbol) [0x00007FF729CE2B17]
	(No symbol) [0x00007FF729CB736F]
	(No symbol) [0x00007FF729CDF7E3]
	(No symbol) [0x00007FF729CB7103]
	(No symbol) [0x00007FF729C7FFC0]
	(No symbol) [0x00007FF729C81273]
	GetHandleVerifier [0x00007FF72A181AED+3458237]
	GetHandleVerifier [0x00007FF72A19829C+3550316]
	GetHandleVerifier [0x00007FF72A18DB9D+3507565]
	GetHandleVerifier [0x00007FF729F02C6A+841274]
	(No symbol) [0x00007FF729DB09EF]
	(No symbol) [0x00007FF729DACB34]
	(No symbol) [0x00007FF729DACCD6]
	(No symbol) [0x00007FF729D9C119]
	BaseThreadInitThunk [0x00007FFAD5BEE8D7+23]
	RtlUserThreadStart [0x00007FFAD6B7BF2C+44]

2025-03-05 22:26:50,083 [WARNING] threads: Attempt 1 failed: Authentication failed
2025-03-05 22:27:07,789 [ERROR] threads: Login failed: Message: 
Stacktrace:
	GetHandleVerifier [0x00007FF729E3C6A5+28789]
	(No symbol) [0x00007FF729DA5B20]
	(No symbol) [0x00007FF729C38F9A]
	(No symbol) [0x00007FF729C8F346]
	(No symbol) [0x00007FF729C8F57C]
	(No symbol) [0x00007FF729CE2B17]
	(No symbol) [0x00007FF729CB736F]
	(No symbol) [0x00007FF729CDF7E3]
	(No symbol) [0x00007FF729CB7103]
	(No symbol) [0x00007FF729C7FFC0]
	(No symbol) [0x00007FF729C81273]
	GetHandleVerifier [0x00007FF72A181AED+3458237]
	GetHandleVerifier [0x00007FF72A19829C+3550316]
	GetHandleVerifier [0x00007FF72A18DB9D+3507565]
	GetHandleVerifier [0x00007FF729F02C6A+841274]
	(No symbol) [0x00007FF729DB09EF]
	(No symbol) [0x00007FF729DACB34]
	(No symbol) [0x00007FF729DACCD6]
	(No symbol) [0x00007FF729D9C119]
	BaseThreadInitThunk [0x00007FFAD5BEE8D7+23]
	RtlUserThreadStart [0x00007FFAD6B7BF2C+44]

2025-03-05 22:27:10,367 [WARNING] threads: Attempt 2 failed: Authentication failed
2025-03-05 22:27:37,644 [ERROR] threads: Login failed: Message: 
Stacktrace:
	GetHandleVerifier [0x00007FF729E3C6A5+28789]
	(No symbol) [0x00007FF729DA5B20]
	(No symbol) [0x00007FF729C38F9A]
	(No symbol) [0x00007FF729C8F346]
	(No symbol) [0x00007FF729C8F57C]
	(No symbol) [0x00007FF729CE2B17]
	(No symbol) [0x00007FF729CB736F]
	(No symbol) [0x00007FF729CDF7E3]
	(No symbol) [0x00007FF729CB7103]
	(No symbol) [0x00007FF729C7FFC0]
	(No symbol) [0x00007FF729C81273]
	GetHandleVerifier [0x00007FF72A181AED+3458237]
	GetHandleVerifier [0x00007FF72A19829C+3550316]
	GetHandleVerifier [0x00007FF72A18DB9D+3507565]
	GetHandleVerifier [0x00007FF729F02C6A+841274]
	(No symbol) [0x00007FF729DB09EF]
	(No symbol) [0x00007FF729DACB34]
	(No symbol) [0x00007FF729DACCD6]
	(No symbol) [0x00007FF729D9C119]
	BaseThreadInitThunk [0x00007FFAD5BEE8D7+23]
	RtlUserThreadStart [0x00007FFAD6B7BF2C+44]

2025-03-05 22:27:39,988 [WARNING] threads: Attempt 3 failed: Authentication failed
2025-03-05 22:27:39,988 [WARNING] threads: Attempt 1 failed: Authentication failed
2025-03-05 22:27:57,522 [ERROR] threads: Login failed: Message: 
Stacktrace:
	GetHandleVerifier [0x00007FF729E3C6A5+28789]
	(No symbol) [0x00007FF729DA5B20]
	(No symbol) [0x00007FF729C38F9A]
	(No symbol) [0x00007FF729C8F346]
	(No symbol) [0x00007FF729C8F57C]
	(No symbol) [0x00007FF729CE2B17]
	(No symbol) [0x00007FF729CB736F]
	(No symbol) [0x00007FF729CDF7E3]
	(No symbol) [0x00007FF729CB7103]
	(No symbol) [0x00007FF729C7FFC0]
	(No symbol) [0x00007FF729C81273]
	GetHandleVerifier [0x00007FF72A181AED+3458237]
	GetHandleVerifier [0x00007FF72A19829C+3550316]
	GetHandleVerifier [0x00007FF72A18DB9D+3507565]
	GetHandleVerifier [0x00007FF729F02C6A+841274]
	(No symbol) [0x00007FF729DB09EF]
	(No symbol) [0x00007FF729DACB34]
	(No symbol) [0x00007FF729DACCD6]
	(No symbol) [0x00007FF729D9C119]
	BaseThreadInitThunk [0x00007FFAD5BEE8D7+23]
	RtlUserThreadStart [0x00007FFAD6B7BF2C+44]

2025-03-05 22:27:59,850 [WARNING] threads: Attempt 1 failed: Authentication failed
2025-03-05 22:28:16,970 [ERROR] threads: Login failed: Message: 
Stacktrace:
	GetHandleVerifier [0x00007FF729E3C6A5+28789]
	(No symbol) [0x00007FF729DA5B20]
	(No symbol) [0x00007FF729C38F9A]
	(No symbol) [0x00007FF729C8F346]
	(No symbol) [0x00007FF729C8F57C]
	(No symbol) [0x00007FF729CE2B17]
	(No symbol) [0x00007FF729CB736F]
	(No symbol) [0x00007FF729CDF7E3]
	(No symbol) [0x00007FF729CB7103]
	(No symbol) [0x00007FF729C7FFC0]
	(No symbol) [0x00007FF729C81273]
	GetHandleVerifier [0x00007FF72A181AED+3458237]
	GetHandleVerifier [0x00007FF72A19829C+3550316]
	GetHandleVerifier [0x00007FF72A18DB9D+3507565]
	GetHandleVerifier [0x00007FF729F02C6A+841274]
	(No symbol) [0x00007FF729DB09EF]
	(No symbol) [0x00007FF729DACB34]
	(No symbol) [0x00007FF729DACCD6]
	(No symbol) [0x00007FF729D9C119]
	BaseThreadInitThunk [0x00007FFAD5BEE8D7+23]
	RtlUserThreadStart [0x00007FFAD6B7BF2C+44]

2025-03-05 22:28:19,290 [WARNING] threads: Attempt 2 failed: Authentication failed
